-------------------------------------------------------------------------------
Test set: co.almundo.CallCenter.bs.DispatcherProcessTest
-------------------------------------------------------------------------------
Tests run: 6, Failures: 6, Errors: 0, Skipped: 0, Time elapsed: 3.886 sec <<< FAILURE!
co.almundo.CallCenter.bs.DispatcherProcessTest.testCallAttend()  Time elapsed: 0.751 sec  <<< FAILURE!
java.lang.NoClassDefFoundError: org.junit.Assert
	at co.almundo.CallCenter.bs.DispatcherProcessTest.testCallAttend(DispatcherProcessTest.java:22)
Caused by: java.lang.ClassNotFoundException: org.junit.Assert
	at java.net.URLClassLoader.findClass(URLClassLoader.java:607)
	at java.lang.ClassLoader.loadClassHelper(ClassLoader.java:797)
	at java.lang.ClassLoader.loadClass(ClassLoader.java:771)
	at sun.misc.Launcher$AppClassLoader.loadClass(Launcher.java:325)
	at java.lang.ClassLoader.loadClass(ClassLoader.java:752)
	... 19 more

co.almundo.CallCenter.bs.DispatcherProcessTest.testCallAttendByOperator()  Time elapsed: 1.008 sec  <<< FAILURE!
java.lang.NoClassDefFoundError: org/junit/Assert
	at co.almundo.CallCenter.bs.DispatcherProcessTest.testCallAttendByOperator(DispatcherProcessTest.java:29)

co.almundo.CallCenter.bs.DispatcherProcessTest.testCallAttendBySupervisor()  Time elapsed: 1.028 sec  <<< FAILURE!
java.lang.NoClassDefFoundError: org/junit/Assert
	at co.almundo.CallCenter.bs.DispatcherProcessTest.testCallAttendBySupervisor(DispatcherProcessTest.java:43)

co.almundo.CallCenter.bs.DispatcherProcessTest.testCallAttendByDirector()  Time elapsed: 1.097 sec  <<< FAILURE!
java.lang.NoClassDefFoundError: org/junit/Assert
	at co.almundo.CallCenter.bs.DispatcherProcessTest.testCallAttendByDirector(DispatcherProcessTest.java:56)

co.almundo.CallCenter.bs.DispatcherProcessTest.testChangeCallStatus()  Time elapsed: 0 sec  <<< FAILURE!
java.lang.NoClassDefFoundError: org/junit/Assert
	at co.almundo.CallCenter.bs.DispatcherProcessTest.testChangeCallStatus(DispatcherProcessTest.java:64)

co.almundo.CallCenter.bs.DispatcherProcessTest.testChangeEmployeeStatus()  Time elapsed: 0 sec  <<< FAILURE!
java.lang.NoClassDefFoundError: org/junit/Assert
	at co.almundo.CallCenter.bs.DispatcherProcessTest.testChangeEmployeeStatus(DispatcherProcessTest.java:72)

