<?xml version="1.0" encoding="UTF-8" ?>
<testsuite tests="1" failures="1" name="co.almundo.CallCenter.bo.EmployeeTest" time="0.001" errors="0" skipped="0">
  <properties>
[...]
</properties>
  <testcase classname="co.almundo.CallCenter.bo.EmployeeTest" name="co.almundo.CallCenter.bo.EmployeeTest.testEmployeePosition" time="0.001">
    <failure message="org.junit.Assert" type="java.lang.NoClassDefFoundError">java.lang.NoClassDefFoundError: org.junit.Assert
	at co.almundo.CallCenter.bo.EmployeeTest.testEmployeePosition(EmployeeTest.java:18)
Caused by: java.lang.ClassNotFoundException: org.junit.Assert
	at java.net.URLClassLoader.findClass(URLClassLoader.java:607)
	at java.lang.ClassLoader.loadClassHelper(ClassLoader.java:797)
	at java.lang.ClassLoader.loadClass(ClassLoader.java:771)
	at sun.misc.Launcher$AppClassLoader.loadClass(Launcher.java:325)
	at java.lang.ClassLoader.loadClass(ClassLoader.java:752)
	... 19 more
</failure>
  </testcase>
</testsuite>