<?xml version="1.0" encoding="UTF-8" ?>
<testsuite tests="6" failures="6" name="co.almundo.CallCenter.bs.DispatcherProcessTest" time="3.884" errors="0" skipped="0">
  <properties>
[...]
</properties>
  <testcase classname="co.almundo.CallCenter.bs.DispatcherProcessTest" name="co.almundo.CallCenter.bs.DispatcherProcessTest.testCallAttend" time="0.751">
    <failure message="org.junit.Assert" type="java.lang.NoClassDefFoundError">java.lang.NoClassDefFoundError: org.junit.Assert
	at co.almundo.CallCenter.bs.DispatcherProcessTest.testCallAttend(DispatcherProcessTest.java:22)
Caused by: java.lang.ClassNotFoundException: org.junit.Assert
	at java.net.URLClassLoader.findClass(URLClassLoader.java:607)
	at java.lang.ClassLoader.loadClassHelper(ClassLoader.java:797)
	at java.lang.ClassLoader.loadClass(ClassLoader.java:771)
	at sun.misc.Launcher$AppClassLoader.loadClass(Launcher.java:325)
	at java.lang.ClassLoader.loadClass(ClassLoader.java:752)
	... 19 more
</failure>
    <system-out>2018-03-12 16:23:38 INFO  Dispatcher:35 - Creating an Employee N�: 1 with position: OPERATOR
2018-03-12 16:23:38 INFO  Dispatcher:35 - Creating an Employee N�: 2 with position: OPERATOR
2018-03-12 16:23:38 INFO  Dispatcher:35 - Creating an Employee N�: 3 with position: OPERATOR
2018-03-12 16:23:38 INFO  Dispatcher:35 - Creating an Employee N�: 4 with position: OPERATOR
2018-03-12 16:23:38 INFO  Dispatcher:35 - Creating an Employee N�: 5 with position: OPERATOR
2018-03-12 16:23:38 INFO  Dispatcher:35 - Creating an Employee N�: 6 with position: OPERATOR
2018-03-12 16:23:38 INFO  Dispatcher:39 - Creating an Employee N�: 7 with position: SUPERVISOR
2018-03-12 16:23:38 INFO  Dispatcher:39 - Creating an Employee N�: 8 with position: SUPERVISOR
2018-03-12 16:23:38 INFO  Dispatcher:39 - Creating an Employee N�: 9 with position: SUPERVISOR
2018-03-12 16:23:38 INFO  Dispatcher:44 - Creating an Employee N�: 10 with position: DIRECTOR
2018-03-12 16:23:38 DEBUG DispatcherProcess:30 - finding a employee available
2018-03-12 16:23:38 INFO  Dispatcher:95 - found Employee ID: 1 position: OPERATOR employees availables: 9
2018-03-12 16:23:38 INFO  DispatcherProcess:41 - Calls incoming: 0
2018-03-12 16:23:38 INFO  DispatcherProcess:45 - The call N�3 begins with 6 seconds and the employee N� 1 and Position: OPERATOR
2018-03-12 16:23:38 INFO  DispatcherProcess:47 - Calls attended 1
2018-03-12 16:23:38 INFO  Dispatcher:68 - Waiting while all calls are attended: 1, Calls on hold: 0
2018-03-12 16:23:38 INFO  Dispatcher:68 - Waiting while all calls are attended: 1, Calls on hold: 0
2018-03-12 16:23:38 INFO  Dispatcher:68 - Waiting while all calls are attended: 1, Calls on hold: 0
2018-03-12 16:23:39 INFO  DispatcherProcess:49 - Finish the call N�3
2018-03-12 16:23:39 INFO  DispatcherProcess:52 - Employees availables: 10
2018-03-12 16:23:39 INFO  Dispatcher:68 - Waiting while all calls are attended: 1, Calls on hold: 0
2018-03-12 16:23:39 INFO  Dispatcher:75 - Finish process, all calls were attended
</system-out>
  </testcase>
  <testcase classname="co.almundo.CallCenter.bs.DispatcherProcessTest" name="co.almundo.CallCenter.bs.DispatcherProcessTest.testCallAttendByOperator" time="1.008">
    <failure message="org/junit/Assert" type="java.lang.NoClassDefFoundError">java.lang.NoClassDefFoundError: org/junit/Assert
	at co.almundo.CallCenter.bs.DispatcherProcessTest.testCallAttendByOperator(DispatcherProcessTest.java:29)
</failure>
    <system-out>2018-03-12 16:23:39 INFO  Dispatcher:35 - Creating an Employee N�: 1 with position: OPERATOR
2018-03-12 16:23:39 INFO  Dispatcher:35 - Creating an Employee N�: 2 with position: OPERATOR
2018-03-12 16:23:39 INFO  Dispatcher:35 - Creating an Employee N�: 3 with position: OPERATOR
2018-03-12 16:23:39 INFO  Dispatcher:35 - Creating an Employee N�: 4 with position: OPERATOR
2018-03-12 16:23:39 INFO  Dispatcher:35 - Creating an Employee N�: 5 with position: OPERATOR
2018-03-12 16:23:39 INFO  Dispatcher:35 - Creating an Employee N�: 6 with position: OPERATOR
2018-03-12 16:23:39 INFO  Dispatcher:39 - Creating an Employee N�: 7 with position: SUPERVISOR
2018-03-12 16:23:39 INFO  Dispatcher:39 - Creating an Employee N�: 8 with position: SUPERVISOR
2018-03-12 16:23:39 INFO  Dispatcher:39 - Creating an Employee N�: 9 with position: SUPERVISOR
2018-03-12 16:23:39 INFO  Dispatcher:44 - Creating an Employee N�: 10 with position: DIRECTOR
2018-03-12 16:23:39 DEBUG DispatcherProcess:30 - finding a employee available
2018-03-12 16:23:39 INFO  Dispatcher:95 - found Employee ID: 1 position: OPERATOR employees availables: 9
2018-03-12 16:23:39 INFO  DispatcherProcess:41 - Calls incoming: 0
2018-03-12 16:23:39 INFO  DispatcherProcess:45 - The call N�4 begins with 9 seconds and the employee N� 1 and Position: OPERATOR
2018-03-12 16:23:39 INFO  DispatcherProcess:47 - Calls attended 1
2018-03-12 16:23:39 INFO  Dispatcher:68 - Waiting while all calls are attended: 1, Calls on hold: 0
2018-03-12 16:23:39 INFO  Dispatcher:68 - Waiting while all calls are attended: 1, Calls on hold: 0
2018-03-12 16:23:39 INFO  Dispatcher:68 - Waiting while all calls are attended: 1, Calls on hold: 0
2018-03-12 16:23:40 INFO  Dispatcher:68 - Waiting while all calls are attended: 1, Calls on hold: 0
2018-03-12 16:23:40 INFO  DispatcherProcess:49 - Finish the call N�4
2018-03-12 16:23:40 INFO  DispatcherProcess:52 - Employees availables: 10
2018-03-12 16:23:40 INFO  Dispatcher:68 - Waiting while all calls are attended: 1, Calls on hold: 0
2018-03-12 16:23:40 INFO  Dispatcher:75 - Finish process, all calls were attended
</system-out>
  </testcase>
  <testcase classname="co.almundo.CallCenter.bs.DispatcherProcessTest" name="co.almundo.CallCenter.bs.DispatcherProcessTest.testCallAttendBySupervisor" time="1.028">
    <failure message="org/junit/Assert" type="java.lang.NoClassDefFoundError">java.lang.NoClassDefFoundError: org/junit/Assert
	at co.almundo.CallCenter.bs.DispatcherProcessTest.testCallAttendBySupervisor(DispatcherProcessTest.java:43)
</failure>
    <system-out>2018-03-12 16:23:40 INFO  Dispatcher:35 - Creating an Employee N�: 1 with position: OPERATOR
2018-03-12 16:23:40 INFO  Dispatcher:35 - Creating an Employee N�: 2 with position: OPERATOR
2018-03-12 16:23:40 INFO  Dispatcher:35 - Creating an Employee N�: 3 with position: OPERATOR
2018-03-12 16:23:40 INFO  Dispatcher:35 - Creating an Employee N�: 4 with position: OPERATOR
2018-03-12 16:23:40 INFO  Dispatcher:35 - Creating an Employee N�: 5 with position: OPERATOR
2018-03-12 16:23:40 INFO  Dispatcher:35 - Creating an Employee N�: 6 with position: OPERATOR
2018-03-12 16:23:40 INFO  Dispatcher:39 - Creating an Employee N�: 7 with position: SUPERVISOR
2018-03-12 16:23:40 INFO  Dispatcher:39 - Creating an Employee N�: 8 with position: SUPERVISOR
2018-03-12 16:23:40 INFO  Dispatcher:39 - Creating an Employee N�: 9 with position: SUPERVISOR
2018-03-12 16:23:40 INFO  Dispatcher:44 - Creating an Employee N�: 10 with position: DIRECTOR
2018-03-12 16:23:40 DEBUG DispatcherProcess:30 - finding a employee available
2018-03-12 16:23:40 INFO  Dispatcher:95 - found Employee ID: 1 position: OPERATOR employees availables: 9
2018-03-12 16:23:40 INFO  DispatcherProcess:41 - Calls incoming: 3
2018-03-12 16:23:40 INFO  DispatcherProcess:45 - The call N�5 begins with 5 seconds and the employee N� 1 and Position: OPERATOR
2018-03-12 16:23:40 INFO  DispatcherProcess:47 - Calls attended 1
2018-03-12 16:23:40 DEBUG DispatcherProcess:30 - finding a employee available
2018-03-12 16:23:40 INFO  Dispatcher:95 - found Employee ID: 2 position: OPERATOR employees availables: 8
2018-03-12 16:23:40 INFO  DispatcherProcess:41 - Calls incoming: 4
2018-03-12 16:23:40 INFO  DispatcherProcess:45 - The call N�6 begins with 8 seconds and the employee N� 2 and Position: OPERATOR
2018-03-12 16:23:40 INFO  DispatcherProcess:47 - Calls attended 2
2018-03-12 16:23:40 DEBUG DispatcherProcess:30 - finding a employee available
2018-03-12 16:23:40 INFO  Dispatcher:95 - found Employee ID: 3 position: OPERATOR employees availables: 7
2018-03-12 16:23:40 INFO  DispatcherProcess:41 - Calls incoming: 7
2018-03-12 16:23:40 INFO  DispatcherProcess:45 - The call N�7 begins with 9 seconds and the employee N� 3 and Position: OPERATOR
2018-03-12 16:23:40 INFO  DispatcherProcess:47 - Calls attended 3
2018-03-12 16:23:40 DEBUG DispatcherProcess:30 - finding a employee available
2018-03-12 16:23:40 INFO  Dispatcher:95 - found Employee ID: 4 position: OPERATOR employees availables: 6
2018-03-12 16:23:40 INFO  DispatcherProcess:41 - Calls incoming: 6
2018-03-12 16:23:40 INFO  DispatcherProcess:45 - The call N�8 begins with 5 seconds and the employee N� 4 and Position: OPERATOR
2018-03-12 16:23:40 INFO  DispatcherProcess:47 - Calls attended 4
2018-03-12 16:23:40 DEBUG DispatcherProcess:30 - finding a employee available
2018-03-12 16:23:40 INFO  Dispatcher:95 - found Employee ID: 5 position: OPERATOR employees availables: 5
2018-03-12 16:23:40 INFO  DispatcherProcess:41 - Calls incoming: 5
2018-03-12 16:23:40 INFO  DispatcherProcess:45 - The call N�9 begins with 6 seconds and the employee N� 5 and Position: OPERATOR
2018-03-12 16:23:40 INFO  DispatcherProcess:47 - Calls attended 5
2018-03-12 16:23:40 DEBUG DispatcherProcess:30 - finding a employee available
2018-03-12 16:23:40 INFO  Dispatcher:95 - found Employee ID: 6 position: OPERATOR employees availables: 4
2018-03-12 16:23:40 INFO  DispatcherProcess:41 - Calls incoming: 4
2018-03-12 16:23:40 INFO  DispatcherProcess:45 - The call N�10 begins with 6 seconds and the employee N� 6 and Position: OPERATOR
2018-03-12 16:23:40 INFO  DispatcherProcess:47 - Calls attended 6
2018-03-12 16:23:40 DEBUG DispatcherProcess:30 - finding a employee available
2018-03-12 16:23:40 DEBUG DispatcherProcess:30 - finding a employee available
2018-03-12 16:23:40 INFO  DispatcherProcess:33 - At this time there are not OPERATOR available, it will be attended by a SUPERVISOR
2018-03-12 16:23:40 INFO  DispatcherProcess:33 - At this time there are not OPERATOR available, it will be attended by a SUPERVISOR
2018-03-12 16:23:40 DEBUG DispatcherProcess:30 - finding a employee available
2018-03-12 16:23:40 INFO  Dispatcher:95 - found Employee ID: 7 position: SUPERVISOR employees availables: 3
2018-03-12 16:23:40 INFO  DispatcherProcess:41 - Calls incoming: 3
2018-03-12 16:23:40 INFO  DispatcherProcess:33 - At this time there are not OPERATOR available, it will be attended by a SUPERVISOR
2018-03-12 16:23:40 INFO  Dispatcher:95 - found Employee ID: 8 position: SUPERVISOR employees availables: 2
2018-03-12 16:23:40 INFO  DispatcherProcess:41 - Calls incoming: 2
2018-03-12 16:23:40 INFO  DispatcherProcess:45 - The call N�12 begins with 9 seconds and the employee N� 8 and Position: SUPERVISOR
2018-03-12 16:23:40 INFO  DispatcherProcess:47 - Calls attended 8
2018-03-12 16:23:40 INFO  Dispatcher:95 - found Employee ID: 9 position: SUPERVISOR employees availables: 1
2018-03-12 16:23:40 INFO  DispatcherProcess:41 - Calls incoming: 1
2018-03-12 16:23:40 INFO  DispatcherProcess:45 - The call N�13 begins with 5 seconds and the employee N� 9 and Position: SUPERVISOR
2018-03-12 16:23:40 INFO  DispatcherProcess:47 - Calls attended 9
2018-03-12 16:23:40 DEBUG DispatcherProcess:30 - finding a employee available
2018-03-12 16:23:40 INFO  DispatcherProcess:33 - At this time there are not OPERATOR available, it will be attended by a SUPERVISOR
2018-03-12 16:23:40 INFO  DispatcherProcess:37 - At this time there are not SUPERVISOR available, it will be attended by a DIRECTOR
2018-03-12 16:23:40 INFO  Dispatcher:95 - found Employee ID: 10 position: DIRECTOR employees availables: 0
2018-03-12 16:23:40 INFO  DispatcherProcess:41 - Calls incoming: 0
2018-03-12 16:23:40 INFO  DispatcherProcess:45 - The call N�14 begins with 6 seconds and the employee N� 10 and Position: DIRECTOR
2018-03-12 16:23:40 INFO  DispatcherProcess:47 - Calls attended 10
2018-03-12 16:23:40 INFO  DispatcherProcess:45 - The call N�11 begins with 9 seconds and the employee N� 7 and Position: SUPERVISOR
2018-03-12 16:23:40 INFO  DispatcherProcess:47 - Calls attended 10
2018-03-12 16:23:40 INFO  Dispatcher:68 - Waiting while all calls are attended: 10, Calls on hold: 0
2018-03-12 16:23:40 INFO  Dispatcher:68 - Waiting while all calls are attended: 10, Calls on hold: 0
2018-03-12 16:23:40 INFO  DispatcherProcess:49 - Finish the call N�5
2018-03-12 16:23:40 INFO  DispatcherProcess:52 - Employees availables: 1
2018-03-12 16:23:40 INFO  DispatcherProcess:49 - Finish the call N�8
2018-03-12 16:23:40 INFO  DispatcherProcess:52 - Employees availables: 2
2018-03-12 16:23:40 INFO  DispatcherProcess:49 - Finish the call N�13
2018-03-12 16:23:40 INFO  DispatcherProcess:52 - Employees availables: 3
2018-03-12 16:23:40 INFO  Dispatcher:68 - Waiting while all calls are attended: 10, Calls on hold: 0
2018-03-12 16:23:40 INFO  DispatcherProcess:49 - Finish the call N�9
2018-03-12 16:23:40 INFO  DispatcherProcess:52 - Employees availables: 4
2018-03-12 16:23:40 INFO  DispatcherProcess:49 - Finish the call N�10
2018-03-12 16:23:40 INFO  DispatcherProcess:52 - Employees availables: 5
2018-03-12 16:23:40 INFO  DispatcherProcess:49 - Finish the call N�14
2018-03-12 16:23:40 INFO  DispatcherProcess:52 - Employees availables: 6
2018-03-12 16:23:41 INFO  DispatcherProcess:49 - Finish the call N�6
2018-03-12 16:23:41 INFO  DispatcherProcess:52 - Employees availables: 7
2018-03-12 16:23:41 INFO  Dispatcher:68 - Waiting while all calls are attended: 10, Calls on hold: 0
2018-03-12 16:23:41 INFO  DispatcherProcess:49 - Finish the call N�7
2018-03-12 16:23:41 INFO  DispatcherProcess:52 - Employees availables: 8
2018-03-12 16:23:41 INFO  DispatcherProcess:49 - Finish the call N�12
2018-03-12 16:23:41 INFO  DispatcherProcess:52 - Employees availables: 9
2018-03-12 16:23:41 INFO  DispatcherProcess:49 - Finish the call N�11
2018-03-12 16:23:41 INFO  DispatcherProcess:52 - Employees availables: 10
2018-03-12 16:23:41 INFO  Dispatcher:68 - Waiting while all calls are attended: 10, Calls on hold: 0
2018-03-12 16:23:41 INFO  Dispatcher:75 - Finish process, all calls were attended
</system-out>
  </testcase>
  <testcase classname="co.almundo.CallCenter.bs.DispatcherProcessTest" name="co.almundo.CallCenter.bs.DispatcherProcessTest.testCallAttendByDirector" time="1.097">
    <failure message="org/junit/Assert" type="java.lang.NoClassDefFoundError">java.lang.NoClassDefFoundError: org/junit/Assert
	at co.almundo.CallCenter.bs.DispatcherProcessTest.testCallAttendByDirector(DispatcherProcessTest.java:56)
</failure>
    <system-out>2018-03-12 16:23:41 INFO  Dispatcher:35 - Creating an Employee N�: 1 with position: OPERATOR
2018-03-12 16:23:41 INFO  Dispatcher:35 - Creating an Employee N�: 2 with position: OPERATOR
2018-03-12 16:23:41 INFO  Dispatcher:35 - Creating an Employee N�: 3 with position: OPERATOR
2018-03-12 16:23:41 INFO  Dispatcher:35 - Creating an Employee N�: 4 with position: OPERATOR
2018-03-12 16:23:41 INFO  Dispatcher:35 - Creating an Employee N�: 5 with position: OPERATOR
2018-03-12 16:23:41 INFO  Dispatcher:35 - Creating an Employee N�: 6 with position: OPERATOR
2018-03-12 16:23:41 INFO  Dispatcher:39 - Creating an Employee N�: 7 with position: SUPERVISOR
2018-03-12 16:23:41 INFO  Dispatcher:39 - Creating an Employee N�: 8 with position: SUPERVISOR
2018-03-12 16:23:41 INFO  Dispatcher:39 - Creating an Employee N�: 9 with position: SUPERVISOR
2018-03-12 16:23:41 INFO  Dispatcher:44 - Creating an Employee N�: 10 with position: DIRECTOR
2018-03-12 16:23:41 DEBUG DispatcherProcess:30 - finding a employee available
2018-03-12 16:23:41 INFO  Dispatcher:95 - found Employee ID: 1 position: OPERATOR employees availables: 9
2018-03-12 16:23:41 INFO  DispatcherProcess:41 - Calls incoming: 3
2018-03-12 16:23:41 INFO  DispatcherProcess:45 - The call N�15 begins with 6 seconds and the employee N� 1 and Position: OPERATOR
2018-03-12 16:23:41 INFO  DispatcherProcess:47 - Calls attended 1
2018-03-12 16:23:41 DEBUG DispatcherProcess:30 - finding a employee available
2018-03-12 16:23:41 DEBUG DispatcherProcess:30 - finding a employee available
2018-03-12 16:23:41 DEBUG DispatcherProcess:30 - finding a employee available
2018-03-12 16:23:41 DEBUG DispatcherProcess:30 - finding a employee available
2018-03-12 16:23:41 DEBUG DispatcherProcess:30 - finding a employee available
2018-03-12 16:23:41 DEBUG DispatcherProcess:30 - finding a employee available
2018-03-12 16:23:41 INFO  Dispatcher:95 - found Employee ID: 2 position: OPERATOR employees availables: 8
2018-03-12 16:23:41 INFO  DispatcherProcess:41 - Calls incoming: 8
2018-03-12 16:23:41 INFO  DispatcherProcess:45 - The call N�16 begins with 5 seconds and the employee N� 2 and Position: OPERATOR
2018-03-12 16:23:41 INFO  DispatcherProcess:47 - Calls attended 2
2018-03-12 16:23:41 INFO  Dispatcher:95 - found Employee ID: 3 position: OPERATOR employees availables: 7
2018-03-12 16:23:41 INFO  DispatcherProcess:41 - Calls incoming: 7
2018-03-12 16:23:41 INFO  DispatcherProcess:45 - The call N�17 begins with 7 seconds and the employee N� 3 and Position: OPERATOR
2018-03-12 16:23:41 INFO  DispatcherProcess:47 - Calls attended 3
2018-03-12 16:23:41 DEBUG DispatcherProcess:30 - finding a employee available
2018-03-12 16:23:41 INFO  Dispatcher:95 - found Employee ID: 4 position: OPERATOR employees availables: 6
2018-03-12 16:23:41 INFO  DispatcherProcess:41 - Calls incoming: 6
2018-03-12 16:23:41 INFO  DispatcherProcess:45 - The call N�18 begins with 6 seconds and the employee N� 4 and Position: OPERATOR
2018-03-12 16:23:41 INFO  DispatcherProcess:47 - Calls attended 4
2018-03-12 16:23:41 DEBUG DispatcherProcess:30 - finding a employee available
2018-03-12 16:23:41 INFO  Dispatcher:95 - found Employee ID: 5 position: OPERATOR employees availables: 5
2018-03-12 16:23:41 INFO  DispatcherProcess:41 - Calls incoming: 5
2018-03-12 16:23:41 INFO  DispatcherProcess:45 - The call N�19 begins with 6 seconds and the employee N� 5 and Position: OPERATOR
2018-03-12 16:23:41 INFO  DispatcherProcess:47 - Calls attended 5
2018-03-12 16:23:41 INFO  Dispatcher:95 - found Employee ID: 6 position: OPERATOR employees availables: 4
2018-03-12 16:23:41 INFO  DispatcherProcess:41 - Calls incoming: 4
2018-03-12 16:23:41 INFO  DispatcherProcess:45 - The call N�20 begins with 9 seconds and the employee N� 6 and Position: OPERATOR
2018-03-12 16:23:41 INFO  DispatcherProcess:47 - Calls attended 6
2018-03-12 16:23:41 INFO  DispatcherProcess:33 - At this time there are not OPERATOR available, it will be attended by a SUPERVISOR
2018-03-12 16:23:41 INFO  Dispatcher:95 - found Employee ID: 7 position: SUPERVISOR employees availables: 3
2018-03-12 16:23:41 INFO  DispatcherProcess:41 - Calls incoming: 3
2018-03-12 16:23:41 INFO  DispatcherProcess:45 - The call N�21 begins with 5 seconds and the employee N� 7 and Position: SUPERVISOR
2018-03-12 16:23:41 INFO  DispatcherProcess:47 - Calls attended 7
2018-03-12 16:23:41 DEBUG DispatcherProcess:30 - finding a employee available
2018-03-12 16:23:41 INFO  DispatcherProcess:33 - At this time there are not OPERATOR available, it will be attended by a SUPERVISOR
2018-03-12 16:23:41 INFO  Dispatcher:95 - found Employee ID: 8 position: SUPERVISOR employees availables: 2
2018-03-12 16:23:41 INFO  DispatcherProcess:41 - Calls incoming: 2
2018-03-12 16:23:41 INFO  DispatcherProcess:45 - The call N�22 begins with 7 seconds and the employee N� 8 and Position: SUPERVISOR
2018-03-12 16:23:41 INFO  DispatcherProcess:47 - Calls attended 8
2018-03-12 16:23:41 INFO  DispatcherProcess:33 - At this time there are not OPERATOR available, it will be attended by a SUPERVISOR
2018-03-12 16:23:41 INFO  Dispatcher:95 - found Employee ID: 9 position: SUPERVISOR employees availables: 1
2018-03-12 16:23:41 INFO  DispatcherProcess:41 - Calls incoming: 1
2018-03-12 16:23:41 INFO  DispatcherProcess:45 - The call N�23 begins with 9 seconds and the employee N� 9 and Position: SUPERVISOR
2018-03-12 16:23:41 INFO  DispatcherProcess:47 - Calls attended 9
2018-03-12 16:23:41 INFO  DispatcherProcess:33 - At this time there are not OPERATOR available, it will be attended by a SUPERVISOR
2018-03-12 16:23:41 INFO  DispatcherProcess:37 - At this time there are not SUPERVISOR available, it will be attended by a DIRECTOR
2018-03-12 16:23:41 INFO  Dispatcher:95 - found Employee ID: 10 position: DIRECTOR employees availables: 0
2018-03-12 16:23:41 INFO  DispatcherProcess:41 - Calls incoming: 0
2018-03-12 16:23:41 INFO  DispatcherProcess:45 - The call N�24 begins with 9 seconds and the employee N� 10 and Position: DIRECTOR
2018-03-12 16:23:41 INFO  DispatcherProcess:47 - Calls attended 10
2018-03-12 16:23:41 INFO  Dispatcher:68 - Waiting while all calls are attended: 10, Calls on hold: 0
2018-03-12 16:23:41 INFO  Dispatcher:68 - Waiting while all calls are attended: 10, Calls on hold: 0
2018-03-12 16:23:41 INFO  DispatcherProcess:49 - Finish the call N�16
2018-03-12 16:23:41 INFO  DispatcherProcess:52 - Employees availables: 1
2018-03-12 16:23:41 INFO  DispatcherProcess:49 - Finish the call N�21
2018-03-12 16:23:41 INFO  DispatcherProcess:52 - Employees availables: 2
2018-03-12 16:23:41 INFO  DispatcherProcess:49 - Finish the call N�15
2018-03-12 16:23:41 INFO  DispatcherProcess:52 - Employees availables: 3
2018-03-12 16:23:41 INFO  Dispatcher:68 - Waiting while all calls are attended: 10, Calls on hold: 0
2018-03-12 16:23:41 INFO  DispatcherProcess:49 - Finish the call N�18
2018-03-12 16:23:41 INFO  DispatcherProcess:52 - Employees availables: 4
2018-03-12 16:23:41 INFO  DispatcherProcess:49 - Finish the call N�19
2018-03-12 16:23:41 INFO  DispatcherProcess:52 - Employees availables: 5
2018-03-12 16:23:41 INFO  DispatcherProcess:49 - Finish the call N�17
2018-03-12 16:23:41 INFO  DispatcherProcess:52 - Employees availables: 6
2018-03-12 16:23:42 INFO  DispatcherProcess:49 - Finish the call N�22
2018-03-12 16:23:42 INFO  DispatcherProcess:52 - Employees availables: 7
2018-03-12 16:23:42 INFO  Dispatcher:68 - Waiting while all calls are attended: 10, Calls on hold: 0
2018-03-12 16:23:42 INFO  DispatcherProcess:49 - Finish the call N�20
2018-03-12 16:23:42 INFO  DispatcherProcess:52 - Employees availables: 8
2018-03-12 16:23:42 INFO  DispatcherProcess:49 - Finish the call N�23
2018-03-12 16:23:42 INFO  DispatcherProcess:52 - Employees availables: 9
2018-03-12 16:23:42 INFO  DispatcherProcess:49 - Finish the call N�24
2018-03-12 16:23:42 INFO  DispatcherProcess:52 - Employees availables: 10
2018-03-12 16:23:42 INFO  Dispatcher:68 - Waiting while all calls are attended: 10, Calls on hold: 0
2018-03-12 16:23:42 INFO  Dispatcher:75 - Finish process, all calls were attended
</system-out>
  </testcase>
  <testcase classname="co.almundo.CallCenter.bs.DispatcherProcessTest" name="co.almundo.CallCenter.bs.DispatcherProcessTest.testChangeCallStatus" time="0">
    <failure message="org/junit/Assert" type="java.lang.NoClassDefFoundError">java.lang.NoClassDefFoundError: org/junit/Assert
	at co.almundo.CallCenter.bs.DispatcherProcessTest.testChangeCallStatus(DispatcherProcessTest.java:64)
</failure>
  </testcase>
  <testcase classname="co.almundo.CallCenter.bs.DispatcherProcessTest" name="co.almundo.CallCenter.bs.DispatcherProcessTest.testChangeEmployeeStatus" time="0">
    <failure message="org/junit/Assert" type="java.lang.NoClassDefFoundError">java.lang.NoClassDefFoundError: org/junit/Assert
	at co.almundo.CallCenter.bs.DispatcherProcessTest.testChangeEmployeeStatus(DispatcherProcessTest.java:72)
</failure>
  </testcase>
</testsuite>